<?xml version="1.0" encoding="UTF-8"?>
<!-- Generated by org.testng.reporters.JUnitReportReporter -->
<testsuite hostname="SHARAN47" failures="0" tests="1" name="com.makemytrip.test.BookaSeatTest" time="40.479" errors="0" timestamp="2022-09-21T11:48:08 IST" skipped="0">
  <testcase classname="com.makemytrip.test.BookaSeatTest" name="bookAseatfromNewDehliToBengalur" time="40.479"/>
  <system-out/>
</testsuite> <!-- com.makemytrip.test.BookaSeatTest -->
